Removed Pin From Net: NetName=VCC Pin=CN1-1
Removed Pin From Net: NetName=Ref. Pin=CN1-2
Removed Pin From Net: NetName=VOUT Pin=CN1-3
Removed Pin From Net: NetName=GND Pin=CN1-6
Removed Pin From Net: NetName=GND Pin=Elet.2-0
Removed Pin From Net: NetName=NetR2_2 Pin=U1-1
Removed Pin From Net: NetName=NetR1_1 Pin=U1-2
Removed Pin From Net: NetName=NetElet.1_0 Pin=U1-3
Removed Pin From Net: NetName=GND Pin=U1-4
Removed Pin From Net: NetName=NetElet.3_0 Pin=U1-5
Removed Pin From Net: NetName=NetC1_2 Pin=U1-6
Removed Pin From Net: NetName=VOUT Pin=U1-7
Removed Pin From Net: NetName=VCC Pin=U1-8
Removed Member From Class: ClassName=Mestrado_Roger Member=U1
Change Component Footprint: Designator=CN1 Old Footprint=FFC/FPC-6 New Footprint=Pad
Change Component Comment : Designator=CN1 Old Comment=FFC/FPC-6 New Comment=Pad
Change Component Kind : Designator=CN1 Old Kind=Standard New Kind=Standard (No BOM)
Change component parameters: Designator = "CN1" ("CN1"); Footprint = "FFC/FPC-6"; UniqueID = "\SIONCAJK" ("\SIONCAJK")
Added Component: Designator=CN2(Pad)
Added Component: Designator=CN3(Pad)
Added Component: Designator=CN4(Pad)
Added Component: Designator=U?(SOIC-8)
Add component (AddParameter): Name = "CDM"; Value = "C12452"; VariantName = "[No Variations]"
Add component (AddParameter): Name = "ComponentLink1Description"; Value = "Datasheet 1"; VariantName = "[No Variations]"
Add component (AddParameter): Name = "ComponentLink1URL"; Value = "https://www.st.com/content/ccc/resource/technical/document/datasheet/61/46/87/01/98/ed/44/c5/CD00000464.pdf/files/CD00000464.pdf/jcr:content/translations/en.CD00000464.pdf"; VariantName = "[No Variations]"
Add component (AddParameter): Name = "Manufacturer"; Value = "STMicroelectronics"; VariantName = "[No Variations]"
Add component (AddParameter): Name = "Part Number"; Value = "LM358ADT"; VariantName = "[No Variations]"
Add component (AddParameter): Name = "Size"; Value = "SOIC-8"; VariantName = "[No Variations]"
Add component (AddParameter): Name = "Supplier 1"; Value = "Digi-Key"; VariantName = "[No Variations]"
Add component (AddParameter): Name = "Supplier Part Number 1"; Value = "497-1590-2-ND"; VariantName = "[No Variations]"
Add component (AddParameter): Name = "System"; Value = ""; VariantName = "[No Variations]"
Add component (AddParameter): Name = "Type"; Value = "SMD"; VariantName = "[No Variations]"
Add component (AddParameter): Name = "Value"; Value = "LM358ADT"; VariantName = "[No Variations]"
Added Component: Designator=U?(SOIC-8)
Add component (AddParameter): Name = "CDM"; Value = "C12452"; VariantName = "[No Variations]"
Add component (AddParameter): Name = "ComponentLink1Description"; Value = "Datasheet 1"; VariantName = "[No Variations]"
Add component (AddParameter): Name = "ComponentLink1URL"; Value = "https://www.st.com/content/ccc/resource/technical/document/datasheet/61/46/87/01/98/ed/44/c5/CD00000464.pdf/files/CD00000464.pdf/jcr:content/translations/en.CD00000464.pdf"; VariantName = "[No Variations]"
Add component (AddParameter): Name = "Manufacturer"; Value = "STMicroelectronics"; VariantName = "[No Variations]"
Add component (AddParameter): Name = "Part Number"; Value = "LM358ADT"; VariantName = "[No Variations]"
Add component (AddParameter): Name = "Size"; Value = "SOIC-8"; VariantName = "[No Variations]"
Add component (AddParameter): Name = "Supplier 1"; Value = "Digi-Key"; VariantName = "[No Variations]"
Add component (AddParameter): Name = "Supplier Part Number 1"; Value = "497-1590-2-ND"; VariantName = "[No Variations]"
Add component (AddParameter): Name = "System"; Value = ""; VariantName = "[No Variations]"
Add component (AddParameter): Name = "Type"; Value = "SMD"; VariantName = "[No Variations]"
Add component (AddParameter): Name = "Value"; Value = "LM358ADT"; VariantName = "[No Variations]"
Added Pin To Net: NetName=VCC Pin=CN1-0
Added Pin To Net: NetName=Ref. Pin=CN2-0
Added Pin To Net: NetName=VOUT Pin=CN3-0
Added Pin To Net: NetName=GND Pin=CN4-0
Added Pin To Net: NetName=Ref. Pin=Elet.2-0
Added Pin To Net: NetName=NetR2_2 Pin=U?-1
Added Pin To Net: NetName=NetR1_1 Pin=U?-2
Added Pin To Net: NetName=NetElet.1_0 Pin=U?-3
Added Pin To Net: NetName=GND Pin=U?-4
Added Pin To Net: NetName=NetElet.3_0 Pin=U?-5
Added Pin To Net: NetName=NetC1_2 Pin=U?-6
Added Pin To Net: NetName=VOUT Pin=U?-7
Added Pin To Net: NetName=VCC Pin=U?-8
Added Member To Class: ClassName=Mestrado_Roger Member=Component CN2 Pad
Added Member To Class: ClassName=Mestrado_Roger Member=Component CN3 Pad
Added Member To Class: ClassName=Mestrado_Roger Member=Component CN4 Pad
Added Member To Class: ClassName=Mestrado_Roger Member=Component U? LM358ADT
Added Member To Class: ClassName=Mestrado_Roger Member=Component U? LM358ADT
